


ARM Macro Assembler    Page 1 


    1 00000000         ;/* Copyright (c) 2012 ARM LIMITED
    2 00000000         ;
    3 00000000         ;   All rights reserved.
    4 00000000         ;   Redistribution and use in source and binary forms, w
                       ith or without
    5 00000000         ;   modification, are permitted provided that the follow
                       ing conditions are met:
    6 00000000         ;   - Redistributions of source code must retain the abo
                       ve copyright
    7 00000000         ;     notice, this list of conditions and the following 
                       disclaimer.
    8 00000000         ;   - Redistributions in binary form must reproduce the 
                       above copyright
    9 00000000         ;     notice, this list of conditions and the following 
                       disclaimer in the
   10 00000000         ;     documentation and/or other materials provided with
                        the distribution.
   11 00000000         ;   - Neither the name of ARM nor the names of its contr
                       ibutors may be used
   12 00000000         ;     to endorse or promote products derived from this s
                       oftware without
   13 00000000         ;     specific prior written permission.
   14 00000000         ;   *
   15 00000000         ;   THIS SOFTWARE IS PROVIDED BY THE COPYRIGHT HOLDERS A
                       ND CONTRIBUTORS "AS IS"
   16 00000000         ;   AND ANY EXPRESS OR IMPLIED WARRANTIES, INCLUDING, BU
                       T NOT LIMITED TO, THE
   17 00000000         ;   IMPLIED WARRANTIES OF MERCHANTABILITY AND FITNESS FO
                       R A PARTICULAR PURPOSE
   18 00000000         ;   ARE DISCLAIMED. IN NO EVENT SHALL COPYRIGHT HOLDERS 
                       AND CONTRIBUTORS BE
   19 00000000         ;   LIABLE FOR ANY DIRECT, INDIRECT, INCIDENTAL, SPECIAL
                       , EXEMPLARY, OR
   20 00000000         ;   CONSEQUENTIAL DAMAGES (INCLUDING, BUT NOT LIMITED TO
                       , PROCUREMENT OF
   21 00000000         ;   SUBSTITUTE GOODS OR SERVICES; LOSS OF USE, DATA, OR 
                       PROFITS; OR BUSINESS
   22 00000000         ;   INTERRUPTION) HOWEVER CAUSED AND ON ANY THEORY OF LI
                       ABILITY, WHETHER IN
   23 00000000         ;   CONTRACT, STRICT LIABILITY, OR TORT (INCLUDING NEGLI
                       GENCE OR OTHERWISE)
   24 00000000         ;   ARISING IN ANY WAY OUT OF THE USE OF THIS SOFTWARE, 
                       EVEN IF ADVISED OF THE
   25 00000000         ;   POSSIBILITY OF SUCH DAMAGE.
   26 00000000         ;   ----------------------------------------------------
                       -----------------------*/
   27 00000000         
   28 00000000                 IF               :DEF: __STARTUP_CONFIG
   30                          ENDIF
   31 00000000         
   32 00000000                 IF               :DEF: __STARTUP_CONFIG
   37 00000000 00000800 
                       Stack_Size
                               EQU              2048
   38 00000000                 ENDIF
   39 00000000         
   40 00000000                 AREA             STACK, NOINIT, READWRITE, ALIGN
=3
   41 00000000         Stack_Mem



ARM Macro Assembler    Page 2 


                               SPACE            Stack_Size
   42 00000800         __initial_sp
   43 00000800         
   44 00000800                 IF               :DEF: __STARTUP_CONFIG
   49 00000800 00000800 
                       Heap_Size
                               EQU              2048
   50 00000800                 ENDIF
   51 00000800         
   52 00000800                 AREA             HEAP, NOINIT, READWRITE, ALIGN=
3
   53 00000000         __heap_base
   54 00000000         Heap_Mem
                               SPACE            Heap_Size
   55 00000800         __heap_limit
   56 00000800         
   57 00000800                 PRESERVE8
   58 00000800                 THUMB
   59 00000800         
   60 00000800         ; Vector Table Mapped to Address 0 at Reset
   61 00000800         
   62 00000800                 AREA             RESET, DATA, READONLY
   63 00000000                 EXPORT           __Vectors
   64 00000000                 EXPORT           __Vectors_End
   65 00000000                 EXPORT           __Vectors_Size
   66 00000000         
   67 00000000 00000000 
                       __Vectors
                               DCD              __initial_sp ; Top of Stack
   68 00000004 00000000        DCD              Reset_Handler
   69 00000008 00000000        DCD              NMI_Handler
   70 0000000C 00000000        DCD              HardFault_Handler
   71 00000010 00000000        DCD              0           ; Reserved
   72 00000014 00000000        DCD              0           ; Reserved
   73 00000018 00000000        DCD              0           ; Reserved
   74 0000001C 00000000        DCD              0           ; Reserved
   75 00000020 00000000        DCD              0           ; Reserved
   76 00000024 00000000        DCD              0           ; Reserved
   77 00000028 00000000        DCD              0           ; Reserved
   78 0000002C 00000000        DCD              SVC_Handler
   79 00000030 00000000        DCD              0           ; Reserved
   80 00000034 00000000        DCD              0           ; Reserved
   81 00000038 00000000        DCD              PendSV_Handler
   82 0000003C 00000000        DCD              SysTick_Handler
   83 00000040         
   84 00000040         ; External Interrupts
   85 00000040 00000000        DCD              POWER_CLOCK_IRQHandler
   86 00000044 00000000        DCD              RADIO_IRQHandler
   87 00000048 00000000        DCD              UART0_IRQHandler
   88 0000004C 00000000        DCD              SPI0_TWI0_IRQHandler
   89 00000050 00000000        DCD              SPI1_TWI1_IRQHandler
   90 00000054 00000000        DCD              0           ; Reserved
   91 00000058 00000000        DCD              GPIOTE_IRQHandler
   92 0000005C 00000000        DCD              ADC_IRQHandler
   93 00000060 00000000        DCD              TIMER0_IRQHandler
   94 00000064 00000000        DCD              TIMER1_IRQHandler
   95 00000068 00000000        DCD              TIMER2_IRQHandler
   96 0000006C 00000000        DCD              RTC0_IRQHandler
   97 00000070 00000000        DCD              TEMP_IRQHandler



ARM Macro Assembler    Page 3 


   98 00000074 00000000        DCD              RNG_IRQHandler
   99 00000078 00000000        DCD              ECB_IRQHandler
  100 0000007C 00000000        DCD              CCM_AAR_IRQHandler
  101 00000080 00000000        DCD              WDT_IRQHandler
  102 00000084 00000000        DCD              RTC1_IRQHandler
  103 00000088 00000000        DCD              QDEC_IRQHandler
  104 0000008C 00000000        DCD              LPCOMP_IRQHandler
  105 00000090 00000000        DCD              SWI0_IRQHandler
  106 00000094 00000000        DCD              SWI1_IRQHandler
  107 00000098 00000000        DCD              SWI2_IRQHandler
  108 0000009C 00000000        DCD              SWI3_IRQHandler
  109 000000A0 00000000        DCD              SWI4_IRQHandler
  110 000000A4 00000000        DCD              SWI5_IRQHandler
  111 000000A8 00000000        DCD              0           ; Reserved
  112 000000AC 00000000        DCD              0           ; Reserved
  113 000000B0 00000000        DCD              0           ; Reserved
  114 000000B4 00000000        DCD              0           ; Reserved
  115 000000B8 00000000        DCD              0           ; Reserved
  116 000000BC 00000000        DCD              0           ; Reserved
  117 000000C0         
  118 000000C0         __Vectors_End
  119 000000C0         
  120 000000C0 000000C0 
                       __Vectors_Size
                               EQU              __Vectors_End - __Vectors
  121 000000C0         
  122 000000C0                 AREA             |.text|, CODE, READONLY
  123 00000000         
  124 00000000         ; Reset Handler
  125 00000000         
  126 00000000 40000524 
                       NRF_POWER_RAMON_ADDRESS
                               EQU              0x40000524  ; NRF_POWER->RAMON 
                                                            address
  127 00000000 40000554 
                       NRF_POWER_RAMONB_ADDRESS
                               EQU              0x40000554  ; NRF_POWER->RAMONB
                                                             address
  128 00000000 00000003 
                       NRF_POWER_RAMONx_RAMxON_ONMODE_Msk
                               EQU              0x3         ; All RAM blocks on
                                                             in onmode bit mask
                                                            
  129 00000000         
  130 00000000         Reset_Handler
                               PROC
  131 00000000                 EXPORT           Reset_Handler             [WEAK
]
  132 00000000                 IMPORT           SystemInit
  133 00000000                 IMPORT           __main
  134 00000000         
  135 00000000 2103            MOVS             R1, #NRF_POWER_RAMONx_RAMxON_ON
MODE_Msk
  136 00000002         
  137 00000002 4809            LDR              R0, =NRF_POWER_RAMON_ADDRESS
  138 00000004 6802            LDR              R2, [R0]
  139 00000006 430A            ORRS             R2, R2, R1
  140 00000008 6002            STR              R2, [R0]
  141 0000000A         



ARM Macro Assembler    Page 4 


  142 0000000A 4808            LDR              R0, =NRF_POWER_RAMONB_ADDRESS
  143 0000000C 6802            LDR              R2, [R0]
  144 0000000E 430A            ORRS             R2, R2, R1
  145 00000010 6002            STR              R2, [R0]
  146 00000012         
  147 00000012 4807            LDR              R0, =SystemInit
  148 00000014 4780            BLX              R0
  149 00000016 4807            LDR              R0, =__main
  150 00000018 4700            BX               R0
  151 0000001A                 ENDP
  152 0000001A         
  153 0000001A         ; Dummy Exception Handlers (infinite loops which can be 
                       modified)
  154 0000001A         
  155 0000001A         NMI_Handler
                               PROC
  156 0000001A                 EXPORT           NMI_Handler               [WEAK
]
  157 0000001A E7FE            B                .
  158 0000001C                 ENDP
  160 0000001C         HardFault_Handler
                               PROC
  161 0000001C                 EXPORT           HardFault_Handler         [WEAK
]
  162 0000001C E7FE            B                .
  163 0000001E                 ENDP
  164 0000001E         SVC_Handler
                               PROC
  165 0000001E                 EXPORT           SVC_Handler               [WEAK
]
  166 0000001E E7FE            B                .
  167 00000020                 ENDP
  168 00000020         PendSV_Handler
                               PROC
  169 00000020                 EXPORT           PendSV_Handler            [WEAK
]
  170 00000020 E7FE            B                .
  171 00000022                 ENDP
  172 00000022         SysTick_Handler
                               PROC
  173 00000022                 EXPORT           SysTick_Handler           [WEAK
]
  174 00000022 E7FE            B                .
  175 00000024                 ENDP
  176 00000024         
  177 00000024         Default_Handler
                               PROC
  178 00000024         
  179 00000024                 EXPORT           POWER_CLOCK_IRQHandler [WEAK]
  180 00000024                 EXPORT           RADIO_IRQHandler [WEAK]
  181 00000024                 EXPORT           UART0_IRQHandler [WEAK]
  182 00000024                 EXPORT           SPI0_TWI0_IRQHandler [WEAK]
  183 00000024                 EXPORT           SPI1_TWI1_IRQHandler [WEAK]
  184 00000024                 EXPORT           GPIOTE_IRQHandler [WEAK]
  185 00000024                 EXPORT           ADC_IRQHandler [WEAK]
  186 00000024                 EXPORT           TIMER0_IRQHandler [WEAK]
  187 00000024                 EXPORT           TIMER1_IRQHandler [WEAK]
  188 00000024                 EXPORT           TIMER2_IRQHandler [WEAK]
  189 00000024                 EXPORT           RTC0_IRQHandler [WEAK]



ARM Macro Assembler    Page 5 


  190 00000024                 EXPORT           TEMP_IRQHandler [WEAK]
  191 00000024                 EXPORT           RNG_IRQHandler [WEAK]
  192 00000024                 EXPORT           ECB_IRQHandler [WEAK]
  193 00000024                 EXPORT           CCM_AAR_IRQHandler [WEAK]
  194 00000024                 EXPORT           WDT_IRQHandler [WEAK]
  195 00000024                 EXPORT           RTC1_IRQHandler [WEAK]
  196 00000024                 EXPORT           QDEC_IRQHandler [WEAK]
  197 00000024                 EXPORT           LPCOMP_IRQHandler [WEAK]
  198 00000024                 EXPORT           SWI0_IRQHandler [WEAK]
  199 00000024                 EXPORT           SWI1_IRQHandler [WEAK]
  200 00000024                 EXPORT           SWI2_IRQHandler [WEAK]
  201 00000024                 EXPORT           SWI3_IRQHandler [WEAK]
  202 00000024                 EXPORT           SWI4_IRQHandler [WEAK]
  203 00000024                 EXPORT           SWI5_IRQHandler [WEAK]
  204 00000024         POWER_CLOCK_IRQHandler
  205 00000024         RADIO_IRQHandler
  206 00000024         UART0_IRQHandler
  207 00000024         SPI0_TWI0_IRQHandler
  208 00000024         SPI1_TWI1_IRQHandler
  209 00000024         GPIOTE_IRQHandler
  210 00000024         ADC_IRQHandler
  211 00000024         TIMER0_IRQHandler
  212 00000024         TIMER1_IRQHandler
  213 00000024         TIMER2_IRQHandler
  214 00000024         RTC0_IRQHandler
  215 00000024         TEMP_IRQHandler
  216 00000024         RNG_IRQHandler
  217 00000024         ECB_IRQHandler
  218 00000024         CCM_AAR_IRQHandler
  219 00000024         WDT_IRQHandler
  220 00000024         RTC1_IRQHandler
  221 00000024         QDEC_IRQHandler
  222 00000024         LPCOMP_IRQHandler
  223 00000024         SWI0_IRQHandler
  224 00000024         SWI1_IRQHandler
  225 00000024         SWI2_IRQHandler
  226 00000024         SWI3_IRQHandler
  227 00000024         SWI4_IRQHandler
  228 00000024         SWI5_IRQHandler
  229 00000024 E7FE            B                .
  230 00000026                 ENDP
  231 00000026 00 00           ALIGN
  232 00000028         
  233 00000028         ; User Initial Stack & Heap
  234 00000028         
  235 00000028                 IF               :DEF:__MICROLIB
  236 00000028         
  237 00000028                 EXPORT           __initial_sp
  238 00000028                 EXPORT           __heap_base
  239 00000028                 EXPORT           __heap_limit
  240 00000028         
  241 00000028                 ELSE
  257                          ENDIF
  258 00000028         
  259 00000028                 END
              40000524 
              40000554 
              00000000 
              00000000 



ARM Macro Assembler    Page 6 


Command Line: --debug --xref --diag_suppress=9931 --cpu=Cortex-M0 --apcs=interw
ork --depend=.\_build\arm_startup_nrf51.d -o.\_build\arm_startup_nrf51.o -I..\.
.\..\config\ble_app_uart_pca10028_s130 -I..\..\..\config -I..\..\..\..\..\..\co
mponents -I..\..\..\..\..\..\components\ble\ble_advertising -I..\..\..\..\..\..
\components\ble\ble_dtm -I..\..\..\..\..\..\components\ble\ble_racp -I..\..\..\
..\..\..\components\ble\ble_services\ble_ancs_c -I..\..\..\..\..\..\components\
ble\ble_services\ble_ans_c -I..\..\..\..\..\..\components\ble\ble_services\ble_
bas -I..\..\..\..\..\..\components\ble\ble_services\ble_bas_c -I..\..\..\..\..\
..\components\ble\ble_services\ble_cscs -I..\..\..\..\..\..\components\ble\ble_
services\ble_cts_c -I..\..\..\..\..\..\components\ble\ble_services\ble_dfu -I..
\..\..\..\..\..\components\ble\ble_services\ble_dis -I..\..\..\..\..\..\compone
nts\ble\ble_services\ble_gls -I..\..\..\..\..\..\components\ble\ble_services\bl
e_hids -I..\..\..\..\..\..\components\ble\ble_services\ble_hrs -I..\..\..\..\..
\..\components\ble\ble_services\ble_hrs_c -I..\..\..\..\..\..\components\ble\bl
e_services\ble_hts -I..\..\..\..\..\..\components\ble\ble_services\ble_ias -I..
\..\..\..\..\..\components\ble\ble_services\ble_ias_c -I..\..\..\..\..\..\compo
nents\ble\ble_services\ble_lbs -I..\..\..\..\..\..\components\ble\ble_services\
ble_lbs_c -I..\..\..\..\..\..\components\ble\ble_services\ble_lls -I..\..\..\..
\..\..\components\ble\ble_services\ble_nus -I..\..\..\..\..\..\components\ble\b
le_services\ble_nus_c -I..\..\..\..\..\..\components\ble\ble_services\ble_rscs 
-I..\..\..\..\..\..\components\ble\ble_services\ble_rscs_c -I..\..\..\..\..\..\
components\ble\ble_services\ble_tps -I..\..\..\..\..\..\components\ble\common -
I..\..\..\..\..\..\components\ble\nrf_ble_qwr -I..\..\..\..\..\..\components\bl
e\peer_manager -I..\..\..\..\..\..\components\boards -I..\..\..\..\..\..\compon
ents\drivers_nrf\adc -I..\..\..\..\..\..\components\drivers_nrf\clock -I..\..\.
.\..\..\..\components\drivers_nrf\common -I..\..\..\..\..\..\components\drivers
_nrf\comp -I..\..\..\..\..\..\components\drivers_nrf\delay -I..\..\..\..\..\..\
components\drivers_nrf\gpiote -I..\..\..\..\..\..\components\drivers_nrf\hal -I
..\..\..\..\..\..\components\drivers_nrf\i2s -I..\..\..\..\..\..\components\dri
vers_nrf\lpcomp -I..\..\..\..\..\..\components\drivers_nrf\pdm -I..\..\..\..\..
\..\components\drivers_nrf\power -I..\..\..\..\..\..\components\drivers_nrf\ppi
 -I..\..\..\..\..\..\components\drivers_nrf\pwm -I..\..\..\..\..\..\components\
drivers_nrf\qdec -I..\..\..\..\..\..\components\drivers_nrf\rng -I..\..\..\..\.
.\..\components\drivers_nrf\rtc -I..\..\..\..\..\..\components\drivers_nrf\saad
c -I..\..\..\..\..\..\components\drivers_nrf\spi_master -I..\..\..\..\..\..\com
ponents\drivers_nrf\spi_slave -I..\..\..\..\..\..\components\drivers_nrf\swi -I
..\..\..\..\..\..\components\drivers_nrf\timer -I..\..\..\..\..\..\components\d
rivers_nrf\twi_master -I..\..\..\..\..\..\components\drivers_nrf\twis_slave -I.
.\..\..\..\..\..\components\drivers_nrf\uart -I..\..\..\..\..\..\components\dri
vers_nrf\usbd -I..\..\..\..\..\..\components\drivers_nrf\wdt -I..\..\..\..\..\.
.\components\libraries\bsp -I..\..\..\..\..\..\components\libraries\button -I..
\..\..\..\..\..\components\libraries\crc16 -I..\..\..\..\..\..\components\libra
ries\crc32 -I..\..\..\..\..\..\components\libraries\csense -I..\..\..\..\..\..\
components\libraries\csense_drv -I..\..\..\..\..\..\components\libraries\experi
mental_section_vars -I..\..\..\..\..\..\components\libraries\fds -I..\..\..\..\
..\..\components\libraries\fifo -I..\..\..\..\..\..\components\libraries\fstora
ge -I..\..\..\..\..\..\components\libraries\gpiote -I..\..\..\..\..\..\componen
ts\libraries\hardfault -I..\..\..\..\..\..\components\libraries\hci -I..\..\..\
..\..\..\components\libraries\led_softblink -I..\..\..\..\..\..\components\libr
aries\log -I..\..\..\..\..\..\components\libraries\log\src -I..\..\..\..\..\..\
components\libraries\low_power_pwm -I..\..\..\..\..\..\components\libraries\mem
_manager -I..\..\..\..\..\..\components\libraries\pwm -I..\..\..\..\..\..\compo
nents\libraries\queue -I..\..\..\..\..\..\components\libraries\scheduler -I..\.
.\..\..\..\..\components\libraries\slip -I..\..\..\..\..\..\components\librarie
s\timer -I..\..\..\..\..\..\components\libraries\twi -I..\..\..\..\..\..\compon
ents\libraries\uart -I..\..\..\..\..\..\components\libraries\usbd -I..\..\..\..
\..\..\components\libraries\usbd\class\audio -I..\..\..\..\..\..\components\lib
raries\usbd\class\cdc -I..\..\..\..\..\..\components\libraries\usbd\class\cdc\a
cm -I..\..\..\..\..\..\components\libraries\usbd\class\hid -I..\..\..\..\..\..\



ARM Macro Assembler    Page 7 


components\libraries\usbd\class\hid\generic -I..\..\..\..\..\..\components\libr
aries\usbd\class\hid\kbd -I..\..\..\..\..\..\components\libraries\usbd\class\hi
d\mouse -I..\..\..\..\..\..\components\libraries\usbd\class\msc -I..\..\..\..\.
.\..\components\libraries\usbd\config -I..\..\..\..\..\..\components\libraries\
util -I..\..\..\..\..\..\components\softdevice\common\softdevice_handler -I..\.
.\..\..\..\..\components\softdevice\s130\headers -I..\..\..\..\..\..\components
\softdevice\s130\headers\nrf51 -I..\..\..\..\..\..\components\toolchain -I..\..
\..\..\..\..\external\segger_rtt -I..\config -IC:\Users\Administrator\Desktop\b
uletooth_pn532\examples\ble_peripheral\ble_app_uart\pca10028\s130\arm5_no_packs
\RTE -ID:\Keil_v5\ARM\PACK\ARM\CMSIS\4.5.0\CMSIS\Include -ID:\Keil_v5\ARM\PACK\
NordicSemiconductor\nRF_DeviceFamilyPack\8.11.1\Device\Include -ID:\Keil_v5\ARM
\PACK\NordicSemiconductor\nRF_DeviceFamilyPack\8.14.1\Device\Include --predefin
e="__MICROLIB SETA 1" --predefine="__UVISION_VERSION SETA 514" --predefine="_RT
E_ SETA 1" --predefine="NRF51 SETA 1" --predefine="BLE_STACK_SUPPORT_REQD SETA 
1" --predefine="NRF51422 SETA 1" --predefine="BOARD_PCA10028 SETA 1" --predefin
e="S130 SETA 1" --predefine="NRF_SD_BLE_API_VERSION SETA 2" --predefine="NRF51 
SETA 1" --predefine="SOFTDEVICE_PRESENT SETA 1" --predefine="SWI_DISABLE0 SETA 
1" --cpreproc_opts=-DBLE_STACK_SUPPORT_REQD,-DNRF51422,-DBOARD_PCA10028,-DS130,
-DNRF_SD_BLE_API_VERSION=2,-DNRF51,-DSOFTDEVICE_PRESENT,-DSWI_DISABLE0 --list=.
\_build\arm_startup_nrf51.lst RTE\Device\nRF51422_xxAC\arm_startup_nrf51.s



ARM Macro Assembler    Page 1 Alphabetic symbol ordering
Relocatable symbols

STACK 00000000

Symbol: STACK
   Definitions
      At line 40 in file RTE\Device\nRF51422_xxAC\arm_startup_nrf51.s
   Uses
      None
Comment: STACK unused
Stack_Mem 00000000

Symbol: Stack_Mem
   Definitions
      At line 41 in file RTE\Device\nRF51422_xxAC\arm_startup_nrf51.s
   Uses
      None
Comment: Stack_Mem unused
__initial_sp 00000800

Symbol: __initial_sp
   Definitions
      At line 42 in file RTE\Device\nRF51422_xxAC\arm_startup_nrf51.s
   Uses
      At line 67 in file RTE\Device\nRF51422_xxAC\arm_startup_nrf51.s
      At line 237 in file RTE\Device\nRF51422_xxAC\arm_startup_nrf51.s

3 symbols



ARM Macro Assembler    Page 1 Alphabetic symbol ordering
Relocatable symbols

HEAP 00000000

Symbol: HEAP
   Definitions
      At line 52 in file RTE\Device\nRF51422_xxAC\arm_startup_nrf51.s
   Uses
      None
Comment: HEAP unused
Heap_Mem 00000000

Symbol: Heap_Mem
   Definitions
      At line 54 in file RTE\Device\nRF51422_xxAC\arm_startup_nrf51.s
   Uses
      None
Comment: Heap_Mem unused
__heap_base 00000000

Symbol: __heap_base
   Definitions
      At line 53 in file RTE\Device\nRF51422_xxAC\arm_startup_nrf51.s
   Uses
      At line 238 in file RTE\Device\nRF51422_xxAC\arm_startup_nrf51.s
Comment: __heap_base used once
__heap_limit 00000800

Symbol: __heap_limit
   Definitions
      At line 55 in file RTE\Device\nRF51422_xxAC\arm_startup_nrf51.s
   Uses
      At line 239 in file RTE\Device\nRF51422_xxAC\arm_startup_nrf51.s
Comment: __heap_limit used once
4 symbols



ARM Macro Assembler    Page 1 Alphabetic symbol ordering
Relocatable symbols

RESET 00000000

Symbol: RESET
   Definitions
      At line 62 in file RTE\Device\nRF51422_xxAC\arm_startup_nrf51.s
   Uses
      None
Comment: RESET unused
__Vectors 00000000

Symbol: __Vectors
   Definitions
      At line 67 in file RTE\Device\nRF51422_xxAC\arm_startup_nrf51.s
   Uses
      At line 63 in file RTE\Device\nRF51422_xxAC\arm_startup_nrf51.s
      At line 120 in file RTE\Device\nRF51422_xxAC\arm_startup_nrf51.s

__Vectors_End 000000C0

Symbol: __Vectors_End
   Definitions
      At line 118 in file RTE\Device\nRF51422_xxAC\arm_startup_nrf51.s
   Uses
      At line 64 in file RTE\Device\nRF51422_xxAC\arm_startup_nrf51.s
      At line 120 in file RTE\Device\nRF51422_xxAC\arm_startup_nrf51.s

3 symbols



ARM Macro Assembler    Page 1 Alphabetic symbol ordering
Relocatable symbols

.text 00000000

Symbol: .text
   Definitions
      At line 122 in file RTE\Device\nRF51422_xxAC\arm_startup_nrf51.s
   Uses
      None
Comment: .text unused
ADC_IRQHandler 00000024

Symbol: ADC_IRQHandler
   Definitions
      At line 210 in file RTE\Device\nRF51422_xxAC\arm_startup_nrf51.s
   Uses
      At line 92 in file RTE\Device\nRF51422_xxAC\arm_startup_nrf51.s
      At line 185 in file RTE\Device\nRF51422_xxAC\arm_startup_nrf51.s

CCM_AAR_IRQHandler 00000024

Symbol: CCM_AAR_IRQHandler
   Definitions
      At line 218 in file RTE\Device\nRF51422_xxAC\arm_startup_nrf51.s
   Uses
      At line 100 in file RTE\Device\nRF51422_xxAC\arm_startup_nrf51.s
      At line 193 in file RTE\Device\nRF51422_xxAC\arm_startup_nrf51.s

Default_Handler 00000024

Symbol: Default_Handler
   Definitions
      At line 177 in file RTE\Device\nRF51422_xxAC\arm_startup_nrf51.s
   Uses
      None
Comment: Default_Handler unused
ECB_IRQHandler 00000024

Symbol: ECB_IRQHandler
   Definitions
      At line 217 in file RTE\Device\nRF51422_xxAC\arm_startup_nrf51.s
   Uses
      At line 99 in file RTE\Device\nRF51422_xxAC\arm_startup_nrf51.s
      At line 192 in file RTE\Device\nRF51422_xxAC\arm_startup_nrf51.s

GPIOTE_IRQHandler 00000024

Symbol: GPIOTE_IRQHandler
   Definitions
      At line 209 in file RTE\Device\nRF51422_xxAC\arm_startup_nrf51.s
   Uses
      At line 91 in file RTE\Device\nRF51422_xxAC\arm_startup_nrf51.s
      At line 184 in file RTE\Device\nRF51422_xxAC\arm_startup_nrf51.s

HardFault_Handler 0000001C

Symbol: HardFault_Handler
   Definitions
      At line 160 in file RTE\Device\nRF51422_xxAC\arm_startup_nrf51.s
   Uses
      At line 70 in file RTE\Device\nRF51422_xxAC\arm_startup_nrf51.s



ARM Macro Assembler    Page 2 Alphabetic symbol ordering
Relocatable symbols

      At line 161 in file RTE\Device\nRF51422_xxAC\arm_startup_nrf51.s

LPCOMP_IRQHandler 00000024

Symbol: LPCOMP_IRQHandler
   Definitions
      At line 222 in file RTE\Device\nRF51422_xxAC\arm_startup_nrf51.s
   Uses
      At line 104 in file RTE\Device\nRF51422_xxAC\arm_startup_nrf51.s
      At line 197 in file RTE\Device\nRF51422_xxAC\arm_startup_nrf51.s

NMI_Handler 0000001A

Symbol: NMI_Handler
   Definitions
      At line 155 in file RTE\Device\nRF51422_xxAC\arm_startup_nrf51.s
   Uses
      At line 69 in file RTE\Device\nRF51422_xxAC\arm_startup_nrf51.s
      At line 156 in file RTE\Device\nRF51422_xxAC\arm_startup_nrf51.s

POWER_CLOCK_IRQHandler 00000024

Symbol: POWER_CLOCK_IRQHandler
   Definitions
      At line 204 in file RTE\Device\nRF51422_xxAC\arm_startup_nrf51.s
   Uses
      At line 85 in file RTE\Device\nRF51422_xxAC\arm_startup_nrf51.s
      At line 179 in file RTE\Device\nRF51422_xxAC\arm_startup_nrf51.s

PendSV_Handler 00000020

Symbol: PendSV_Handler
   Definitions
      At line 168 in file RTE\Device\nRF51422_xxAC\arm_startup_nrf51.s
   Uses
      At line 81 in file RTE\Device\nRF51422_xxAC\arm_startup_nrf51.s
      At line 169 in file RTE\Device\nRF51422_xxAC\arm_startup_nrf51.s

QDEC_IRQHandler 00000024

Symbol: QDEC_IRQHandler
   Definitions
      At line 221 in file RTE\Device\nRF51422_xxAC\arm_startup_nrf51.s
   Uses
      At line 103 in file RTE\Device\nRF51422_xxAC\arm_startup_nrf51.s
      At line 196 in file RTE\Device\nRF51422_xxAC\arm_startup_nrf51.s

RADIO_IRQHandler 00000024

Symbol: RADIO_IRQHandler
   Definitions
      At line 205 in file RTE\Device\nRF51422_xxAC\arm_startup_nrf51.s
   Uses
      At line 86 in file RTE\Device\nRF51422_xxAC\arm_startup_nrf51.s
      At line 180 in file RTE\Device\nRF51422_xxAC\arm_startup_nrf51.s

RNG_IRQHandler 00000024

Symbol: RNG_IRQHandler



ARM Macro Assembler    Page 3 Alphabetic symbol ordering
Relocatable symbols

   Definitions
      At line 216 in file RTE\Device\nRF51422_xxAC\arm_startup_nrf51.s
   Uses
      At line 98 in file RTE\Device\nRF51422_xxAC\arm_startup_nrf51.s
      At line 191 in file RTE\Device\nRF51422_xxAC\arm_startup_nrf51.s

RTC0_IRQHandler 00000024

Symbol: RTC0_IRQHandler
   Definitions
      At line 214 in file RTE\Device\nRF51422_xxAC\arm_startup_nrf51.s
   Uses
      At line 96 in file RTE\Device\nRF51422_xxAC\arm_startup_nrf51.s
      At line 189 in file RTE\Device\nRF51422_xxAC\arm_startup_nrf51.s

RTC1_IRQHandler 00000024

Symbol: RTC1_IRQHandler
   Definitions
      At line 220 in file RTE\Device\nRF51422_xxAC\arm_startup_nrf51.s
   Uses
      At line 102 in file RTE\Device\nRF51422_xxAC\arm_startup_nrf51.s
      At line 195 in file RTE\Device\nRF51422_xxAC\arm_startup_nrf51.s

Reset_Handler 00000000

Symbol: Reset_Handler
   Definitions
      At line 130 in file RTE\Device\nRF51422_xxAC\arm_startup_nrf51.s
   Uses
      At line 68 in file RTE\Device\nRF51422_xxAC\arm_startup_nrf51.s
      At line 131 in file RTE\Device\nRF51422_xxAC\arm_startup_nrf51.s

SPI0_TWI0_IRQHandler 00000024

Symbol: SPI0_TWI0_IRQHandler
   Definitions
      At line 207 in file RTE\Device\nRF51422_xxAC\arm_startup_nrf51.s
   Uses
      At line 88 in file RTE\Device\nRF51422_xxAC\arm_startup_nrf51.s
      At line 182 in file RTE\Device\nRF51422_xxAC\arm_startup_nrf51.s

SPI1_TWI1_IRQHandler 00000024

Symbol: SPI1_TWI1_IRQHandler
   Definitions
      At line 208 in file RTE\Device\nRF51422_xxAC\arm_startup_nrf51.s
   Uses
      At line 89 in file RTE\Device\nRF51422_xxAC\arm_startup_nrf51.s
      At line 183 in file RTE\Device\nRF51422_xxAC\arm_startup_nrf51.s

SVC_Handler 0000001E

Symbol: SVC_Handler
   Definitions
      At line 164 in file RTE\Device\nRF51422_xxAC\arm_startup_nrf51.s
   Uses
      At line 78 in file RTE\Device\nRF51422_xxAC\arm_startup_nrf51.s
      At line 165 in file RTE\Device\nRF51422_xxAC\arm_startup_nrf51.s



ARM Macro Assembler    Page 4 Alphabetic symbol ordering
Relocatable symbols


SWI0_IRQHandler 00000024

Symbol: SWI0_IRQHandler
   Definitions
      At line 223 in file RTE\Device\nRF51422_xxAC\arm_startup_nrf51.s
   Uses
      At line 105 in file RTE\Device\nRF51422_xxAC\arm_startup_nrf51.s
      At line 198 in file RTE\Device\nRF51422_xxAC\arm_startup_nrf51.s

SWI1_IRQHandler 00000024

Symbol: SWI1_IRQHandler
   Definitions
      At line 224 in file RTE\Device\nRF51422_xxAC\arm_startup_nrf51.s
   Uses
      At line 106 in file RTE\Device\nRF51422_xxAC\arm_startup_nrf51.s
      At line 199 in file RTE\Device\nRF51422_xxAC\arm_startup_nrf51.s

SWI2_IRQHandler 00000024

Symbol: SWI2_IRQHandler
   Definitions
      At line 225 in file RTE\Device\nRF51422_xxAC\arm_startup_nrf51.s
   Uses
      At line 107 in file RTE\Device\nRF51422_xxAC\arm_startup_nrf51.s
      At line 200 in file RTE\Device\nRF51422_xxAC\arm_startup_nrf51.s

SWI3_IRQHandler 00000024

Symbol: SWI3_IRQHandler
   Definitions
      At line 226 in file RTE\Device\nRF51422_xxAC\arm_startup_nrf51.s
   Uses
      At line 108 in file RTE\Device\nRF51422_xxAC\arm_startup_nrf51.s
      At line 201 in file RTE\Device\nRF51422_xxAC\arm_startup_nrf51.s

SWI4_IRQHandler 00000024

Symbol: SWI4_IRQHandler
   Definitions
      At line 227 in file RTE\Device\nRF51422_xxAC\arm_startup_nrf51.s
   Uses
      At line 109 in file RTE\Device\nRF51422_xxAC\arm_startup_nrf51.s
      At line 202 in file RTE\Device\nRF51422_xxAC\arm_startup_nrf51.s

SWI5_IRQHandler 00000024

Symbol: SWI5_IRQHandler
   Definitions
      At line 228 in file RTE\Device\nRF51422_xxAC\arm_startup_nrf51.s
   Uses
      At line 110 in file RTE\Device\nRF51422_xxAC\arm_startup_nrf51.s
      At line 203 in file RTE\Device\nRF51422_xxAC\arm_startup_nrf51.s

SysTick_Handler 00000022

Symbol: SysTick_Handler
   Definitions



ARM Macro Assembler    Page 5 Alphabetic symbol ordering
Relocatable symbols

      At line 172 in file RTE\Device\nRF51422_xxAC\arm_startup_nrf51.s
   Uses
      At line 82 in file RTE\Device\nRF51422_xxAC\arm_startup_nrf51.s
      At line 173 in file RTE\Device\nRF51422_xxAC\arm_startup_nrf51.s

TEMP_IRQHandler 00000024

Symbol: TEMP_IRQHandler
   Definitions
      At line 215 in file RTE\Device\nRF51422_xxAC\arm_startup_nrf51.s
   Uses
      At line 97 in file RTE\Device\nRF51422_xxAC\arm_startup_nrf51.s
      At line 190 in file RTE\Device\nRF51422_xxAC\arm_startup_nrf51.s

TIMER0_IRQHandler 00000024

Symbol: TIMER0_IRQHandler
   Definitions
      At line 211 in file RTE\Device\nRF51422_xxAC\arm_startup_nrf51.s
   Uses
      At line 93 in file RTE\Device\nRF51422_xxAC\arm_startup_nrf51.s
      At line 186 in file RTE\Device\nRF51422_xxAC\arm_startup_nrf51.s

TIMER1_IRQHandler 00000024

Symbol: TIMER1_IRQHandler
   Definitions
      At line 212 in file RTE\Device\nRF51422_xxAC\arm_startup_nrf51.s
   Uses
      At line 94 in file RTE\Device\nRF51422_xxAC\arm_startup_nrf51.s
      At line 187 in file RTE\Device\nRF51422_xxAC\arm_startup_nrf51.s

TIMER2_IRQHandler 00000024

Symbol: TIMER2_IRQHandler
   Definitions
      At line 213 in file RTE\Device\nRF51422_xxAC\arm_startup_nrf51.s
   Uses
      At line 95 in file RTE\Device\nRF51422_xxAC\arm_startup_nrf51.s
      At line 188 in file RTE\Device\nRF51422_xxAC\arm_startup_nrf51.s

UART0_IRQHandler 00000024

Symbol: UART0_IRQHandler
   Definitions
      At line 206 in file RTE\Device\nRF51422_xxAC\arm_startup_nrf51.s
   Uses
      At line 87 in file RTE\Device\nRF51422_xxAC\arm_startup_nrf51.s
      At line 181 in file RTE\Device\nRF51422_xxAC\arm_startup_nrf51.s

WDT_IRQHandler 00000024

Symbol: WDT_IRQHandler
   Definitions
      At line 219 in file RTE\Device\nRF51422_xxAC\arm_startup_nrf51.s
   Uses
      At line 101 in file RTE\Device\nRF51422_xxAC\arm_startup_nrf51.s
      At line 194 in file RTE\Device\nRF51422_xxAC\arm_startup_nrf51.s




ARM Macro Assembler    Page 6 Alphabetic symbol ordering
Relocatable symbols

33 symbols



ARM Macro Assembler    Page 1 Alphabetic symbol ordering
Absolute symbols

Heap_Size 00000800

Symbol: Heap_Size
   Definitions
      At line 49 in file RTE\Device\nRF51422_xxAC\arm_startup_nrf51.s
   Uses
      At line 54 in file RTE\Device\nRF51422_xxAC\arm_startup_nrf51.s
Comment: Heap_Size used once
NRF_POWER_RAMONB_ADDRESS 40000554

Symbol: NRF_POWER_RAMONB_ADDRESS
   Definitions
      At line 127 in file RTE\Device\nRF51422_xxAC\arm_startup_nrf51.s
   Uses
      At line 142 in file RTE\Device\nRF51422_xxAC\arm_startup_nrf51.s
Comment: NRF_POWER_RAMONB_ADDRESS used once
NRF_POWER_RAMON_ADDRESS 40000524

Symbol: NRF_POWER_RAMON_ADDRESS
   Definitions
      At line 126 in file RTE\Device\nRF51422_xxAC\arm_startup_nrf51.s
   Uses
      At line 137 in file RTE\Device\nRF51422_xxAC\arm_startup_nrf51.s
Comment: NRF_POWER_RAMON_ADDRESS used once
NRF_POWER_RAMONx_RAMxON_ONMODE_Msk 00000003

Symbol: NRF_POWER_RAMONx_RAMxON_ONMODE_Msk
   Definitions
      At line 128 in file RTE\Device\nRF51422_xxAC\arm_startup_nrf51.s
   Uses
      At line 135 in file RTE\Device\nRF51422_xxAC\arm_startup_nrf51.s
Comment: NRF_POWER_RAMONx_RAMxON_ONMODE_Msk used once
Stack_Size 00000800

Symbol: Stack_Size
   Definitions
      At line 37 in file RTE\Device\nRF51422_xxAC\arm_startup_nrf51.s
   Uses
      At line 41 in file RTE\Device\nRF51422_xxAC\arm_startup_nrf51.s
Comment: Stack_Size used once
__Vectors_Size 000000C0

Symbol: __Vectors_Size
   Definitions
      At line 120 in file RTE\Device\nRF51422_xxAC\arm_startup_nrf51.s
   Uses
      At line 65 in file RTE\Device\nRF51422_xxAC\arm_startup_nrf51.s
Comment: __Vectors_Size used once
6 symbols



ARM Macro Assembler    Page 1 Alphabetic symbol ordering
External symbols

SystemInit 00000000

Symbol: SystemInit
   Definitions
      At line 132 in file RTE\Device\nRF51422_xxAC\arm_startup_nrf51.s
   Uses
      At line 147 in file RTE\Device\nRF51422_xxAC\arm_startup_nrf51.s
Comment: SystemInit used once
__main 00000000

Symbol: __main
   Definitions
      At line 133 in file RTE\Device\nRF51422_xxAC\arm_startup_nrf51.s
   Uses
      At line 149 in file RTE\Device\nRF51422_xxAC\arm_startup_nrf51.s
Comment: __main used once
2 symbols
404 symbols in table
